<?xml version="1.0" encoding="UTF-8"?>
<!-- Generated by org.testng.reporters.JUnitReportReporter -->
<testsuite hostname="MAVBCP3293" failures="0" tests="6" name="com.selinium.Activity2" time="79.782" errors="0" timestamp="2021-10-04T11:28:23 IST" skipped="0">
  <testcase classname="com.selinium.Activity2" name="selectlaptop" time="11.752"/>
  <system-out/>
  <testcase classname="com.selinium.Activity2" name="selectlaptop" time="12.020"/>
  <system-out/>
  <testcase classname="com.selinium.Activity2" name="selectphone" time="13.878"/>
  <system-out/>
  <testcase classname="com.selinium.Activity2" name="selectphone" time="14.324"/>
  <system-out/>
  <testcase classname="com.selinium.Activity2" name="selectmonitor" time="13.863"/>
  <system-out/>
  <testcase classname="com.selinium.Activity2" name="selectmonitor" time="13.945"/>
  <system-out/>
</testsuite> <!-- com.selinium.Activity2 -->
