<?xml version="1.0" encoding="UTF-8"?>
<!-- Generated by org.testng.reporters.JUnitReportReporter -->
<testsuite hostname="MAVBCP3293" failures="0" tests="6" name="com.selinium.Activity2" time="81.966" errors="0" timestamp="2021-10-04T12:25:36 IST" skipped="0">
  <testcase classname="com.selinium.Activity2" name="selectlaptop" time="12.252"/>
  <system-out/>
  <testcase classname="com.selinium.Activity2" name="selectlaptop" time="12.639"/>
  <system-out/>
  <testcase classname="com.selinium.Activity2" name="selectphone" time="13.885"/>
  <system-out/>
  <testcase classname="com.selinium.Activity2" name="selectphone" time="14.572"/>
  <system-out/>
  <testcase classname="com.selinium.Activity2" name="selectmonitor" time="14.086"/>
  <system-out/>
  <testcase classname="com.selinium.Activity2" name="selectmonitor" time="14.532"/>
  <system-out/>
</testsuite> <!-- com.selinium.Activity2 -->
